{"/Users/helaynedamasio/Documents/IMERSAO LENDARIA IA/EssentIA EVO Assistent/src/App.tsx": {"path":"/Users/helaynedamasio/Documents/IMERSAO LENDARIA IA/EssentIA EVO Assistent/src/App.tsx","statementMap":{"0":{"start":{"line":1,"column":0},"end":{"line":1,"column":53}},"1":{"start":{"line":2,"column":0},"end":{"line":2,"column":49}},"2":{"start":{"line":3,"column":0},"end":{"line":3,"column":43}},"3":{"start":{"line":4,"column":0},"end":{"line":4,"column":50}},"4":{"start":{"line":5,"column":0},"end":{"line":5,"column":54}},"5":{"start":{"line":6,"column":0},"end":{"line":6,"column":50}},"6":{"start":{"line":7,"column":0},"end":{"line":7,"column":50}},"7":{"start":{"line":8,"column":0},"end":{"line":8,"column":50}},"8":{"start":{"line":9,"column":0},"end":{"line":9,"column":52}},"9":{"start":{"line":10,"column":0},"end":{"line":10,"column":62}},"10":{"start":{"line":12,"column":22},"end":{"line":108,"column":1}},"11":{"start":{"line":13,"column":42},"end":{"line":13,"column":73}},"12":{"start":{"line":14,"column":46},"end":{"line":14,"column":83}},"13":{"start":{"line":15,"column":32},"end":{"line":23,"column":4}},"14":{"start":{"line":16,"column":4},"end":{"line":22,"column":5}},"15":{"start":{"line":17,"column":20},"end":{"line":17,"column":61}},"16":{"start":{"line":18,"column":6},"end":{"line":18,"column":44}},"17":{"start":{"line":20,"column":6},"end":{"line":20,"column":72}},"18":{"start":{"line":21,"column":6},"end":{"line":21,"column":16}},"19":{"start":{"line":24,"column":36},"end":{"line":24,"column":51}},"20":{"start":{"line":25,"column":28},"end":{"line":25,"column":57}},"21":{"start":{"line":27,"column":33},"end":{"line":34,"column":15}},"22":{"start":{"line":28,"column":4},"end":{"line":28,"column":28}},"23":{"start":{"line":29,"column":23},"end":{"line":29,"column":71}},"24":{"start":{"line":29,"column":53},"end":{"line":29,"column":69}},"25":{"start":{"line":30,"column":4},"end":{"line":30,"column":27}},"26":{"start":{"line":31,"column":4},"end":{"line":31,"column":74}},"27":{"start":{"line":32,"column":4},"end":{"line":32,"column":24}},"28":{"start":{"line":33,"column":4},"end":{"line":33,"column":37}},"29":{"start":{"line":36,"column":30},"end":{"line":56,"column":3}},"30":{"start":{"line":38,"column":4},"end":{"line":41,"column":5}},"31":{"start":{"line":39,"column":6},"end":{"line":39,"column":38}},"32":{"start":{"line":40,"column":6},"end":{"line":40,"column":13}},"33":{"start":{"line":43,"column":4},"end":{"line":43,"column":23}},"34":{"start":{"line":44,"column":4},"end":{"line":44,"column":19}},"35":{"start":{"line":46,"column":4},"end":{"line":55,"column":5}},"36":{"start":{"line":48,"column":19},"end":{"line":48,"column":56}},"37":{"start":{"line":49,"column":6},"end":{"line":49,"column":35}},"38":{"start":{"line":51,"column":27},"end":{"line":51,"column":93}},"39":{"start":{"line":52,"column":6},"end":{"line":52,"column":44}},"40":{"start":{"line":53,"column":6},"end":{"line":53,"column":29}},"41":{"start":{"line":54,"column":6},"end":{"line":54,"column":26}},"42":{"start":{"line":58,"column":30},"end":{"line":61,"column":3}},"43":{"start":{"line":59,"column":4},"end":{"line":59,"column":28}},"44":{"start":{"line":60,"column":4},"end":{"line":60,"column":37}},"45":{"start":{"line":63,"column":23},"end":{"line":98,"column":3}},"46":{"start":{"line":65,"column":4},"end":{"line":80,"column":5}},"47":{"start":{"line":66,"column":6},"end":{"line":79,"column":8}},"48":{"start":{"line":82,"column":4},"end":{"line":97,"column":5}},"49":{"start":{"line":84,"column":8},"end":{"line":84,"column":92}},"50":{"start":{"line":86,"column":8},"end":{"line":86,"column":85}},"51":{"start":{"line":88,"column":8},"end":{"line":88,"column":83}},"52":{"start":{"line":90,"column":8},"end":{"line":90,"column":83}},"53":{"start":{"line":92,"column":8},"end":{"line":92,"column":83}},"54":{"start":{"line":94,"column":8},"end":{"line":94,"column":82}},"55":{"start":{"line":96,"column":8},"end":{"line":96,"column":92}},"56":{"start":{"line":100,"column":2},"end":{"line":107,"column":4}},"57":{"start":{"line":110,"column":0},"end":{"line":110,"column":19}}},"fnMap":{"0":{"name":"(anonymous_0)","decl":{"start":{"line":12,"column":22},"end":{"line":12,"column":25}},"loc":{"start":{"line":12,"column":27},"end":{"line":108,"column":1}}},"1":{"name":"(anonymous_1)","decl":{"start":{"line":15,"column":59},"end":{"line":15,"column":62}},"loc":{"start":{"line":15,"column":64},"end":{"line":23,"column":3}}},"2":{"name":"(anonymous_2)","decl":{"start":{"line":27,"column":45},"end":{"line":27,"column":46}},"loc":{"start":{"line":27,"column":70},"end":{"line":34,"column":3}}},"3":{"name":"(anonymous_3)","decl":{"start":{"line":29,"column":48},"end":{"line":29,"column":49}},"loc":{"start":{"line":29,"column":53},"end":{"line":29,"column":69}}},"4":{"name":"(anonymous_4)","decl":{"start":{"line":36,"column":30},"end":{"line":36,"column":35}},"loc":{"start":{"line":36,"column":60},"end":{"line":56,"column":3}}},"5":{"name":"(anonymous_5)","decl":{"start":{"line":58,"column":30},"end":{"line":58,"column":31}},"loc":{"start":{"line":58,"column":55},"end":{"line":61,"column":3}}},"6":{"name":"(anonymous_6)","decl":{"start":{"line":63,"column":23},"end":{"line":63,"column":26}},"loc":{"start":{"line":63,"column":28},"end":{"line":98,"column":3}}}},"branchMap":{"0":{"loc":{"start":{"line":18,"column":13},"end":{"line":18,"column":43}},"type":"cond-expr","locations":[{"start":{"line":18,"column":21},"end":{"line":18,"column":38}},{"start":{"line":18,"column":41},"end":{"line":18,"column":43}}]},"1":{"loc":{"start":{"line":38,"column":4},"end":{"line":41,"column":5}},"type":"if","locations":[{"start":{"line":38,"column":4},"end":{"line":41,"column":5}},{"start":{},"end":{}}]},"2":{"loc":{"start":{"line":51,"column":27},"end":{"line":51,"column":93}},"type":"cond-expr","locations":[{"start":{"line":51,"column":50},"end":{"line":51,"column":61}},{"start":{"line":51,"column":64},"end":{"line":51,"column":93}}]},"3":{"loc":{"start":{"line":65,"column":4},"end":{"line":80,"column":5}},"type":"if","locations":[{"start":{"line":65,"column":4},"end":{"line":80,"column":5}},{"start":{},"end":{}}]},"4":{"loc":{"start":{"line":65,"column":8},"end":{"line":65,"column":47}},"type":"binary-expr","locations":[{"start":{"line":65,"column":8},"end":{"line":65,"column":13}},{"start":{"line":65,"column":17},"end":{"line":65,"column":47}}]},"5":{"loc":{"start":{"line":82,"column":4},"end":{"line":97,"column":5}},"type":"switch","locations":[{"start":{"line":83,"column":6},"end":{"line":84,"column":92}},{"start":{"line":85,"column":6},"end":{"line":86,"column":85}},{"start":{"line":87,"column":6},"end":{"line":88,"column":83}},{"start":{"line":89,"column":6},"end":{"line":90,"column":83}},{"start":{"line":91,"column":6},"end":{"line":92,"column":83}},{"start":{"line":93,"column":6},"end":{"line":94,"column":82}},{"start":{"line":95,"column":6},"end":{"line":96,"column":92}}]}},"s":{"0":1,"1":1,"2":1,"3":1,"4":1,"5":1,"6":1,"7":1,"8":1,"9":1,"10":1,"11":5,"12":5,"13":5,"14":5,"15":5,"16":5,"17":1,"18":1,"19":5,"20":5,"21":5,"22":0,"23":0,"24":0,"25":0,"26":0,"27":0,"28":0,"29":5,"30":0,"31":0,"32":0,"33":0,"34":0,"35":0,"36":0,"37":0,"38":0,"39":0,"40":0,"41":0,"42":5,"43":0,"44":0,"45":5,"46":5,"47":0,"48":5,"49":5,"50":0,"51":0,"52":0,"53":0,"54":0,"55":0,"56":5,"57":1},"f":{"0":5,"1":5,"2":0,"3":0,"4":0,"5":0,"6":5},"b":{"0":[1,4],"1":[0,0],"2":[0,0],"3":[0,5],"4":[5,0],"5":[5,0,0,0,0,0,0]}}
,"/Users/helaynedamasio/Documents/IMERSAO LENDARIA IA/EssentIA EVO Assistent/src/types.ts": {"path":"/Users/helaynedamasio/Documents/IMERSAO LENDARIA IA/EssentIA EVO Assistent/src/types.ts","statementMap":{"0":{"start":{"line":1,"column":0},"end":{"line":1,"column":null}},"1":{"start":{"line":2,"column":2},"end":{"line":2,"column":null}},"2":{"start":{"line":3,"column":2},"end":{"line":3,"column":null}},"3":{"start":{"line":4,"column":2},"end":{"line":4,"column":null}},"4":{"start":{"line":5,"column":2},"end":{"line":5,"column":null}},"5":{"start":{"line":6,"column":2},"end":{"line":6,"column":null}},"6":{"start":{"line":7,"column":2},"end":{"line":7,"column":null}}},"fnMap":{"0":{"name":"(anonymous_0)","decl":{"start":{"line":1,"column":0},"end":{"line":1,"column":12}},"loc":{"start":{"line":1,"column":18},"end":{"line":8,"column":1}}}},"branchMap":{"0":{"loc":{"start":{"line":1,"column":12},"end":{"line":1,"column":null}},"type":"binary-expr","locations":[{"start":{"line":1,"column":12},"end":{"line":1,"column":18}},{"start":{"line":1,"column":18},"end":{"line":1,"column":null}}]}},"s":{"0":5,"1":5,"2":5,"3":5,"4":5,"5":5,"6":5},"f":{"0":5},"b":{"0":[5,5]}}
,"/Users/helaynedamasio/Documents/IMERSAO LENDARIA IA/EssentIA EVO Assistent/src/components/FileUpload.tsx": {"path":"/Users/helaynedamasio/Documents/IMERSAO LENDARIA IA/EssentIA EVO Assistent/src/components/FileUpload.tsx","statementMap":{"0":{"start":{"line":1,"column":0},"end":{"line":1,"column":53}},"1":{"start":{"line":2,"column":0},"end":{"line":2,"column":80}},"2":{"start":{"line":9,"column":46},"end":{"line":118,"column":1}},"3":{"start":{"line":10,"column":26},"end":{"line":10,"column":53}},"4":{"start":{"line":11,"column":38},"end":{"line":11,"column":53}},"5":{"start":{"line":13,"column":27},"end":{"line":22,"column":3}},"6":{"start":{"line":14,"column":4},"end":{"line":21,"column":5}},"7":{"start":{"line":15,"column":6},"end":{"line":15,"column":28}},"8":{"start":{"line":16,"column":6},"end":{"line":16,"column":33}},"9":{"start":{"line":18,"column":6},"end":{"line":18,"column":20}},"10":{"start":{"line":19,"column":6},"end":{"line":19,"column":25}},"11":{"start":{"line":24,"column":22},"end":{"line":28,"column":8}},"12":{"start":{"line":25,"column":4},"end":{"line":25,"column":23}},"13":{"start":{"line":26,"column":4},"end":{"line":26,"column":24}},"14":{"start":{"line":27,"column":4},"end":{"line":27,"column":24}},"15":{"start":{"line":30,"column":22},"end":{"line":34,"column":8}},"16":{"start":{"line":31,"column":4},"end":{"line":31,"column":23}},"17":{"start":{"line":32,"column":4},"end":{"line":32,"column":24}},"18":{"start":{"line":33,"column":4},"end":{"line":33,"column":25}},"19":{"start":{"line":36,"column":21},"end":{"line":39,"column":8}},"20":{"start":{"line":37,"column":4},"end":{"line":37,"column":23}},"21":{"start":{"line":38,"column":4},"end":{"line":38,"column":24}},"22":{"start":{"line":41,"column":17},"end":{"line":48,"column":8}},"23":{"start":{"line":42,"column":4},"end":{"line":42,"column":23}},"24":{"start":{"line":43,"column":4},"end":{"line":43,"column":24}},"25":{"start":{"line":44,"column":4},"end":{"line":44,"column":25}},"26":{"start":{"line":45,"column":4},"end":{"line":47,"column":5}},"27":{"start":{"line":46,"column":6},"end":{"line":46,"column":48}},"28":{"start":{"line":50,"column":28},"end":{"line":54,"column":3}},"29":{"start":{"line":51,"column":4},"end":{"line":53,"column":5}},"30":{"start":{"line":52,"column":6},"end":{"line":52,"column":42}},"31":{"start":{"line":56,"column":24},"end":{"line":62,"column":3}},"32":{"start":{"line":57,"column":4},"end":{"line":61,"column":5}},"33":{"start":{"line":58,"column":6},"end":{"line":58,"column":25}},"34":{"start":{"line":59,"column":27},"end":{"line":59,"column":94}},"35":{"start":{"line":60,"column":6},"end":{"line":60,"column":28}},"36":{"start":{"line":64,"column":2},"end":{"line":117,"column":4}},"37":{"start":{"line":93,"column":31},"end":{"line":93,"column":53}},"38":{"start":{"line":120,"column":0},"end":{"line":120,"column":26}}},"fnMap":{"0":{"name":"(anonymous_0)","decl":{"start":{"line":9,"column":46},"end":{"line":9,"column":47}},"loc":{"start":{"line":9,"column":74},"end":{"line":118,"column":1}}},"1":{"name":"(anonymous_1)","decl":{"start":{"line":13,"column":27},"end":{"line":13,"column":28}},"loc":{"start":{"line":13,"column":57},"end":{"line":22,"column":3}}},"2":{"name":"(anonymous_2)","decl":{"start":{"line":24,"column":34},"end":{"line":24,"column":35}},"loc":{"start":{"line":24,"column":73},"end":{"line":28,"column":3}}},"3":{"name":"(anonymous_3)","decl":{"start":{"line":30,"column":34},"end":{"line":30,"column":35}},"loc":{"start":{"line":30,"column":73},"end":{"line":34,"column":3}}},"4":{"name":"(anonymous_4)","decl":{"start":{"line":36,"column":33},"end":{"line":36,"column":34}},"loc":{"start":{"line":36,"column":72},"end":{"line":39,"column":3}}},"5":{"name":"(anonymous_5)","decl":{"start":{"line":41,"column":29},"end":{"line":41,"column":30}},"loc":{"start":{"line":41,"column":68},"end":{"line":48,"column":3}}},"6":{"name":"(anonymous_6)","decl":{"start":{"line":50,"column":28},"end":{"line":50,"column":29}},"loc":{"start":{"line":50,"column":71},"end":{"line":54,"column":3}}},"7":{"name":"(anonymous_7)","decl":{"start":{"line":56,"column":24},"end":{"line":56,"column":25}},"loc":{"start":{"line":56,"column":67},"end":{"line":62,"column":3}}},"8":{"name":"(anonymous_8)","decl":{"start":{"line":93,"column":25},"end":{"line":93,"column":28}},"loc":{"start":{"line":93,"column":31},"end":{"line":93,"column":53}}}},"branchMap":{"0":{"loc":{"start":{"line":14,"column":4},"end":{"line":21,"column":5}},"type":"if","locations":[{"start":{"line":14,"column":4},"end":{"line":21,"column":5}},{"start":{"line":17,"column":11},"end":{"line":21,"column":5}}]},"1":{"loc":{"start":{"line":14,"column":8},"end":{"line":14,"column":63}},"type":"binary-expr","locations":[{"start":{"line":14,"column":8},"end":{"line":14,"column":20}},{"start":{"line":14,"column":24},"end":{"line":14,"column":63}}]},"2":{"loc":{"start":{"line":45,"column":4},"end":{"line":47,"column":5}},"type":"if","locations":[{"start":{"line":45,"column":4},"end":{"line":47,"column":5}},{"start":{},"end":{}}]},"3":{"loc":{"start":{"line":45,"column":8},"end":{"line":45,"column":63}},"type":"binary-expr","locations":[{"start":{"line":45,"column":8},"end":{"line":45,"column":28}},{"start":{"line":45,"column":32},"end":{"line":45,"column":63}}]},"4":{"loc":{"start":{"line":51,"column":4},"end":{"line":53,"column":5}},"type":"if","locations":[{"start":{"line":51,"column":4},"end":{"line":53,"column":5}},{"start":{},"end":{}}]},"5":{"loc":{"start":{"line":51,"column":8},"end":{"line":51,"column":51}},"type":"binary-expr","locations":[{"start":{"line":51,"column":8},"end":{"line":51,"column":22}},{"start":{"line":51,"column":26},"end":{"line":51,"column":51}}]},"6":{"loc":{"start":{"line":57,"column":4},"end":{"line":61,"column":5}},"type":"if","locations":[{"start":{"line":57,"column":4},"end":{"line":61,"column":5}},{"start":{},"end":{}}]},"7":{"loc":{"start":{"line":57,"column":8},"end":{"line":57,"column":42}},"type":"binary-expr","locations":[{"start":{"line":57,"column":8},"end":{"line":57,"column":25}},{"start":{"line":57,"column":29},"end":{"line":57,"column":42}}]},"8":{"loc":{"start":{"line":75,"column":58},"end":{"line":75,"column":85}},"type":"cond-expr","locations":[{"start":{"line":75,"column":65},"end":{"line":75,"column":74}},{"start":{"line":75,"column":77},"end":{"line":75,"column":85}}]},"9":{"loc":{"start":{"line":77,"column":10},"end":{"line":77,"column":null}},"type":"cond-expr","locations":[{"start":{"line":77,"column":23},"end":{"line":77,"column":57}},{"start":{"line":77,"column":60},"end":{"line":77,"column":null}}]},"10":{"loc":{"start":{"line":88,"column":9},"end":{"line":113,"column":null}},"type":"cond-expr","locations":[{"start":{"line":89,"column":10},"end":{"line":98,"column":null}},{"start":{"line":101,"column":10},"end":{"line":112,"column":null}}]}},"s":{"0":1,"1":1,"2":1,"3":20,"4":20,"5":20,"6":0,"7":0,"8":0,"9":0,"10":0,"11":20,"12":0,"13":0,"14":0,"15":20,"16":0,"17":0,"18":0,"19":20,"20":0,"21":0,"22":20,"23":0,"24":0,"25":0,"26":0,"27":0,"28":20,"29":0,"30":0,"31":20,"32":0,"33":0,"34":0,"35":0,"36":20,"37":0,"38":1},"f":{"0":20,"1":0,"2":0,"3":0,"4":0,"5":0,"6":0,"7":0,"8":0},"b":{"0":[0,0],"1":[0,0],"2":[0,0],"3":[0,0],"4":[0,0],"5":[0,0],"6":[0,0],"7":[0,0],"8":[0,20],"9":[0,20],"10":[0,20]}}
,"/Users/helaynedamasio/Documents/IMERSAO LENDARIA IA/EssentIA EVO Assistent/src/components/Sidebar.tsx": {"path":"/Users/helaynedamasio/Documents/IMERSAO LENDARIA IA/EssentIA EVO Assistent/src/components/Sidebar.tsx","statementMap":{"0":{"start":{"line":1,"column":0},"end":{"line":1,"column":26}},"1":{"start":{"line":2,"column":0},"end":{"line":2,"column":33}},"2":{"start":{"line":3,"column":0},"end":{"line":3,"column":116}},"3":{"start":{"line":10,"column":40},"end":{"line":53,"column":1}},"4":{"start":{"line":11,"column":19},"end":{"line":18,"column":4}},"5":{"start":{"line":20,"column":2},"end":{"line":52,"column":4}},"6":{"start":{"line":29,"column":12},"end":{"line":29,"column":null}},"7":{"start":{"line":31,"column":31},"end":{"line":31,"column":59}},"8":{"start":{"line":55,"column":0},"end":{"line":55,"column":23}}},"fnMap":{"0":{"name":"(anonymous_0)","decl":{"start":{"line":10,"column":40},"end":{"line":10,"column":41}},"loc":{"start":{"line":10,"column":78},"end":{"line":53,"column":1}}},"1":{"name":"(anonymous_1)","decl":{"start":{"line":28,"column":24},"end":{"line":28,"column":25}},"loc":{"start":{"line":29,"column":12},"end":{"line":29,"column":null}}},"2":{"name":"(anonymous_2)","decl":{"start":{"line":31,"column":25},"end":{"line":31,"column":28}},"loc":{"start":{"line":31,"column":31},"end":{"line":31,"column":59}}}},"branchMap":{"0":{"loc":{"start":{"line":33,"column":30},"end":{"line":33,"column":79}},"type":"cond-expr","locations":[{"start":{"line":33,"column":61},"end":{"line":33,"column":67}},{"start":{"line":33,"column":70},"end":{"line":33,"column":79}}]},"1":{"loc":{"start":{"line":36,"column":18},"end":{"line":38,"column":null}},"type":"cond-expr","locations":[{"start":{"line":37,"column":22},"end":{"line":37,"column":50}},{"start":{"line":38,"column":22},"end":{"line":38,"column":null}}]}},"s":{"0":1,"1":1,"2":1,"3":1,"4":5,"5":5,"6":30,"7":0,"8":1},"f":{"0":5,"1":30,"2":0},"b":{"0":[5,25],"1":[5,25]}}
,"/Users/helaynedamasio/Documents/IMERSAO LENDARIA IA/EssentIA EVO Assistent/src/components/icons.tsx": {"path":"/Users/helaynedamasio/Documents/IMERSAO LENDARIA IA/EssentIA EVO Assistent/src/components/icons.tsx","statementMap":{"0":{"start":{"line":1,"column":0},"end":{"line":1,"column":26}},"1":{"start":{"line":3,"column":61},"end":{"line":15,"column":null}},"2":{"start":{"line":4,"column":2},"end":{"line":14,"column":null}},"3":{"start":{"line":3,"column":13},"end":{"line":3,"column":61}},"4":{"start":{"line":18,"column":26},"end":{"line":18,"column":173}},"5":{"start":{"line":18,"column":32},"end":{"line":18,"column":173}},"6":{"start":{"line":18,"column":13},"end":{"line":18,"column":26}},"7":{"start":{"line":19,"column":25},"end":{"line":19,"column":108}},"8":{"start":{"line":19,"column":31},"end":{"line":19,"column":108}},"9":{"start":{"line":19,"column":13},"end":{"line":19,"column":25}},"10":{"start":{"line":20,"column":24},"end":{"line":20,"column":182}},"11":{"start":{"line":20,"column":30},"end":{"line":20,"column":182}},"12":{"start":{"line":20,"column":13},"end":{"line":20,"column":24}},"13":{"start":{"line":21,"column":26},"end":{"line":21,"column":132}},"14":{"start":{"line":21,"column":32},"end":{"line":21,"column":132}},"15":{"start":{"line":21,"column":13},"end":{"line":21,"column":26}},"16":{"start":{"line":22,"column":26},"end":{"line":22,"column":264}},"17":{"start":{"line":22,"column":32},"end":{"line":22,"column":264}},"18":{"start":{"line":22,"column":13},"end":{"line":22,"column":26}},"19":{"start":{"line":23,"column":27},"end":{"line":23,"column":117}},"20":{"start":{"line":23,"column":33},"end":{"line":23,"column":117}},"21":{"start":{"line":23,"column":13},"end":{"line":23,"column":27}},"22":{"start":{"line":24,"column":24},"end":{"line":24,"column":176}},"23":{"start":{"line":24,"column":30},"end":{"line":24,"column":176}},"24":{"start":{"line":24,"column":13},"end":{"line":24,"column":24}},"25":{"start":{"line":25,"column":72},"end":{"line":25,"column":224}},"26":{"start":{"line":25,"column":83},"end":{"line":25,"column":224}},"27":{"start":{"line":25,"column":13},"end":{"line":25,"column":72}},"28":{"start":{"line":26,"column":65},"end":{"line":26,"column":218}},"29":{"start":{"line":26,"column":76},"end":{"line":26,"column":218}},"30":{"start":{"line":26,"column":13},"end":{"line":26,"column":65}},"31":{"start":{"line":27,"column":72},"end":{"line":27,"column":197}},"32":{"start":{"line":27,"column":83},"end":{"line":27,"column":197}},"33":{"start":{"line":27,"column":13},"end":{"line":27,"column":72}},"34":{"start":{"line":28,"column":74},"end":{"line":28,"column":292}},"35":{"start":{"line":28,"column":85},"end":{"line":28,"column":292}},"36":{"start":{"line":28,"column":13},"end":{"line":28,"column":74}},"37":{"start":{"line":29,"column":69},"end":{"line":29,"column":235}},"38":{"start":{"line":29,"column":80},"end":{"line":29,"column":235}},"39":{"start":{"line":29,"column":13},"end":{"line":29,"column":69}},"40":{"start":{"line":30,"column":73},"end":{"line":30,"column":144}},"41":{"start":{"line":30,"column":84},"end":{"line":30,"column":144}},"42":{"start":{"line":30,"column":13},"end":{"line":30,"column":73}},"43":{"start":{"line":31,"column":73},"end":{"line":31,"column":252}},"44":{"start":{"line":31,"column":84},"end":{"line":31,"column":252}},"45":{"start":{"line":31,"column":13},"end":{"line":31,"column":73}}},"fnMap":{"0":{"name":"(anonymous_0)","decl":{"start":{"line":3,"column":61},"end":{"line":3,"column":62}},"loc":{"start":{"line":4,"column":2},"end":{"line":14,"column":null}}},"1":{"name":"(anonymous_1)","decl":{"start":{"line":18,"column":26},"end":{"line":18,"column":29}},"loc":{"start":{"line":18,"column":32},"end":{"line":18,"column":173}}},"2":{"name":"(anonymous_2)","decl":{"start":{"line":19,"column":25},"end":{"line":19,"column":28}},"loc":{"start":{"line":19,"column":31},"end":{"line":19,"column":108}}},"3":{"name":"(anonymous_3)","decl":{"start":{"line":20,"column":24},"end":{"line":20,"column":27}},"loc":{"start":{"line":20,"column":30},"end":{"line":20,"column":182}}},"4":{"name":"(anonymous_4)","decl":{"start":{"line":21,"column":26},"end":{"line":21,"column":29}},"loc":{"start":{"line":21,"column":32},"end":{"line":21,"column":132}}},"5":{"name":"(anonymous_5)","decl":{"start":{"line":22,"column":26},"end":{"line":22,"column":29}},"loc":{"start":{"line":22,"column":32},"end":{"line":22,"column":264}}},"6":{"name":"(anonymous_6)","decl":{"start":{"line":23,"column":27},"end":{"line":23,"column":30}},"loc":{"start":{"line":23,"column":33},"end":{"line":23,"column":117}}},"7":{"name":"(anonymous_7)","decl":{"start":{"line":24,"column":24},"end":{"line":24,"column":27}},"loc":{"start":{"line":24,"column":30},"end":{"line":24,"column":176}}},"8":{"name":"(anonymous_8)","decl":{"start":{"line":25,"column":72},"end":{"line":25,"column":73}},"loc":{"start":{"line":25,"column":83},"end":{"line":25,"column":224}}},"9":{"name":"(anonymous_9)","decl":{"start":{"line":26,"column":65},"end":{"line":26,"column":66}},"loc":{"start":{"line":26,"column":76},"end":{"line":26,"column":218}}},"10":{"name":"(anonymous_10)","decl":{"start":{"line":27,"column":72},"end":{"line":27,"column":73}},"loc":{"start":{"line":27,"column":83},"end":{"line":27,"column":197}}},"11":{"name":"(anonymous_11)","decl":{"start":{"line":28,"column":74},"end":{"line":28,"column":75}},"loc":{"start":{"line":28,"column":85},"end":{"line":28,"column":292}}},"12":{"name":"(anonymous_12)","decl":{"start":{"line":29,"column":69},"end":{"line":29,"column":70}},"loc":{"start":{"line":29,"column":80},"end":{"line":29,"column":235}}},"13":{"name":"(anonymous_13)","decl":{"start":{"line":30,"column":73},"end":{"line":30,"column":74}},"loc":{"start":{"line":30,"column":84},"end":{"line":30,"column":144}}},"14":{"name":"(anonymous_14)","decl":{"start":{"line":31,"column":73},"end":{"line":31,"column":74}},"loc":{"start":{"line":31,"column":84},"end":{"line":31,"column":252}}}},"branchMap":{},"s":{"0":4,"1":4,"2":88,"3":4,"4":4,"5":5,"6":4,"7":4,"8":5,"9":4,"10":4,"11":5,"12":4,"13":4,"14":5,"15":4,"16":4,"17":5,"18":4,"19":4,"20":5,"21":4,"22":4,"23":0,"24":4,"25":4,"26":20,"27":4,"28":4,"29":0,"30":4,"31":4,"32":0,"33":4,"34":4,"35":7,"36":4,"37":4,"38":9,"39":4,"40":4,"41":0,"42":4,"43":4,"44":22,"45":4},"f":{"0":88,"1":5,"2":5,"3":5,"4":5,"5":5,"6":5,"7":0,"8":20,"9":0,"10":0,"11":7,"12":9,"13":0,"14":22},"b":{}}
,"/Users/helaynedamasio/Documents/IMERSAO LENDARIA IA/EssentIA EVO Assistent/src/screens/AnalysisScreen.tsx": {"path":"/Users/helaynedamasio/Documents/IMERSAO LENDARIA IA/EssentIA EVO Assistent/src/screens/AnalysisScreen.tsx","statementMap":{"0":{"start":{"line":1,"column":0},"end":{"line":1,"column":26}},"1":{"start":{"line":2,"column":0},"end":{"line":2,"column":49}},"2":{"start":{"line":3,"column":0},"end":{"line":3,"column":129}},"3":{"start":{"line":4,"column":0},"end":{"line":4,"column":55}},"4":{"start":{"line":11,"column":15},"end":{"line":11,"column":73}},"5":{"start":{"line":13,"column":54},"end":{"line":123,"column":1}},"6":{"start":{"line":14,"column":2},"end":{"line":27,"column":3}},"7":{"start":{"line":15,"column":4},"end":{"line":26,"column":6}},"8":{"start":{"line":20,"column":25},"end":{"line":20,"column":50}},"9":{"start":{"line":29,"column":18},"end":{"line":34,"column":4}},"10":{"start":{"line":35,"column":20},"end":{"line":35,"column":60}},"11":{"start":{"line":37,"column":2},"end":{"line":122,"column":4}},"12":{"start":{"line":45,"column":27},"end":{"line":45,"column":52}},"13":{"start":{"line":57,"column":12},"end":{"line":57,"column":34}},"14":{"start":{"line":80,"column":24},"end":{"line":80,"column":52}},"15":{"start":{"line":110,"column":39},"end":{"line":110,"column":61}},"16":{"start":{"line":110,"column":76},"end":{"line":110,"column":98}},"17":{"start":{"line":116,"column":39},"end":{"line":116,"column":62}},"18":{"start":{"line":116,"column":77},"end":{"line":116,"column":99}},"19":{"start":{"line":125,"column":0},"end":{"line":125,"column":30}}},"fnMap":{"0":{"name":"(anonymous_0)","decl":{"start":{"line":13,"column":54},"end":{"line":13,"column":55}},"loc":{"start":{"line":13,"column":79},"end":{"line":123,"column":1}}},"1":{"name":"(anonymous_1)","decl":{"start":{"line":20,"column":19},"end":{"line":20,"column":22}},"loc":{"start":{"line":20,"column":25},"end":{"line":20,"column":50}}},"2":{"name":"(anonymous_2)","decl":{"start":{"line":45,"column":21},"end":{"line":45,"column":24}},"loc":{"start":{"line":45,"column":27},"end":{"line":45,"column":52}}},"3":{"name":"(anonymous_3)","decl":{"start":{"line":56,"column":34},"end":{"line":56,"column":35}},"loc":{"start":{"line":57,"column":12},"end":{"line":57,"column":34}}},"4":{"name":"(anonymous_4)","decl":{"start":{"line":79,"column":37},"end":{"line":79,"column":38}},"loc":{"start":{"line":80,"column":24},"end":{"line":80,"column":52}}},"5":{"name":"(anonymous_5)","decl":{"start":{"line":110,"column":34},"end":{"line":110,"column":35}},"loc":{"start":{"line":110,"column":39},"end":{"line":110,"column":61}}},"6":{"name":"(anonymous_6)","decl":{"start":{"line":110,"column":67},"end":{"line":110,"column":72}},"loc":{"start":{"line":110,"column":76},"end":{"line":110,"column":98}}},"7":{"name":"(anonymous_7)","decl":{"start":{"line":116,"column":34},"end":{"line":116,"column":35}},"loc":{"start":{"line":116,"column":39},"end":{"line":116,"column":62}}},"8":{"name":"(anonymous_8)","decl":{"start":{"line":116,"column":68},"end":{"line":116,"column":73}},"loc":{"start":{"line":116,"column":77},"end":{"line":116,"column":99}}}},"branchMap":{"0":{"loc":{"start":{"line":14,"column":2},"end":{"line":27,"column":3}},"type":"if","locations":[{"start":{"line":14,"column":2},"end":{"line":27,"column":3}},{"start":{},"end":{}}]},"1":{"loc":{"start":{"line":57,"column":60},"end":{"line":57,"column":164}},"type":"cond-expr","locations":[{"start":{"line":57,"column":76},"end":{"line":57,"column":125}},{"start":{"line":57,"column":128},"end":{"line":57,"column":164}}]},"2":{"loc":{"start":{"line":59,"column":21},"end":{"line":59,"column":112}},"type":"binary-expr","locations":[{"start":{"line":59,"column":21},"end":{"line":59,"column":34}},{"start":{"line":59,"column":38},"end":{"line":59,"column":112}}]}},"s":{"0":2,"1":2,"2":2,"3":2,"4":2,"5":2,"6":10,"7":3,"8":1,"9":7,"10":7,"11":7,"12":1,"13":21,"14":28,"15":21,"16":14,"17":21,"18":7,"19":2},"f":{"0":10,"1":1,"2":1,"3":21,"4":28,"5":21,"6":14,"7":21,"8":7},"b":{"0":[3,7],"1":[7,14],"2":[21,7]}}
,"/Users/helaynedamasio/Documents/IMERSAO LENDARIA IA/EssentIA EVO Assistent/src/screens/EditorScreen.tsx": {"path":"/Users/helaynedamasio/Documents/IMERSAO LENDARIA IA/EssentIA EVO Assistent/src/screens/EditorScreen.tsx","statementMap":{"0":{"start":{"line":1,"column":0},"end":{"line":1,"column":26}},"1":{"start":{"line":2,"column":0},"end":{"line":2,"column":49}},"2":{"start":{"line":9,"column":72},"end":{"line":15,"column":null}},"3":{"start":{"line":10,"column":4},"end":{"line":14,"column":null}},"4":{"start":{"line":18,"column":50},"end":{"line":103,"column":1}},"5":{"start":{"line":19,"column":2},"end":{"line":28,"column":3}},"6":{"start":{"line":20,"column":4},"end":{"line":27,"column":6}},"7":{"start":{"line":23,"column":31},"end":{"line":23,"column":56}},"8":{"start":{"line":30,"column":31},"end":{"line":30,"column":35}},"9":{"start":{"line":32,"column":2},"end":{"line":102,"column":4}},"10":{"start":{"line":44,"column":35},"end":{"line":44,"column":60}},"11":{"start":{"line":68,"column":20},"end":{"line":68,"column":41}},"12":{"start":{"line":74,"column":20},"end":{"line":74,"column":41}},"13":{"start":{"line":105,"column":0},"end":{"line":105,"column":28}}},"fnMap":{"0":{"name":"(anonymous_0)","decl":{"start":{"line":9,"column":72},"end":{"line":9,"column":73}},"loc":{"start":{"line":10,"column":4},"end":{"line":14,"column":null}}},"1":{"name":"(anonymous_1)","decl":{"start":{"line":18,"column":50},"end":{"line":18,"column":51}},"loc":{"start":{"line":18,"column":75},"end":{"line":103,"column":1}}},"2":{"name":"(anonymous_2)","decl":{"start":{"line":23,"column":25},"end":{"line":23,"column":28}},"loc":{"start":{"line":23,"column":31},"end":{"line":23,"column":56}}},"3":{"name":"(anonymous_3)","decl":{"start":{"line":40,"column":34},"end":{"line":40,"column":37}},"loc":{"start":{"line":40,"column":39},"end":{"line":40,"column":42}}},"4":{"name":"(anonymous_4)","decl":{"start":{"line":44,"column":29},"end":{"line":44,"column":32}},"loc":{"start":{"line":44,"column":35},"end":{"line":44,"column":60}}},"5":{"name":"(anonymous_5)","decl":{"start":{"line":67,"column":57},"end":{"line":67,"column":58}},"loc":{"start":{"line":68,"column":20},"end":{"line":68,"column":41}}},"6":{"name":"(anonymous_6)","decl":{"start":{"line":73,"column":58},"end":{"line":73,"column":59}},"loc":{"start":{"line":74,"column":20},"end":{"line":74,"column":41}}}},"branchMap":{"0":{"loc":{"start":{"line":19,"column":2},"end":{"line":28,"column":3}},"type":"if","locations":[{"start":{"line":19,"column":2},"end":{"line":28,"column":3}},{"start":{},"end":{}}]}},"s":{"0":2,"1":2,"2":2,"3":64,"4":2,"5":10,"6":2,"7":1,"8":8,"9":8,"10":1,"11":0,"12":0,"13":2},"f":{"0":64,"1":10,"2":1,"3":0,"4":1,"5":0,"6":0},"b":{"0":[2,8]}}
,"/Users/helaynedamasio/Documents/IMERSAO LENDARIA IA/EssentIA EVO Assistent/src/screens/HistoryScreen.tsx": {"path":"/Users/helaynedamasio/Documents/IMERSAO LENDARIA IA/EssentIA EVO Assistent/src/screens/HistoryScreen.tsx","statementMap":{"0":{"start":{"line":1,"column":0},"end":{"line":1,"column":26}},"1":{"start":{"line":3,"column":0},"end":{"line":3,"column":54}},"2":{"start":{"line":10,"column":52},"end":{"line":82,"column":1}},"3":{"start":{"line":11,"column":2},"end":{"line":81,"column":4}},"4":{"start":{"line":42,"column":28},"end":{"line":42,"column":46}},"5":{"start":{"line":60,"column":68},"end":{"line":60,"column":77}},"6":{"start":{"line":61,"column":123},"end":{"line":61,"column":132}},"7":{"start":{"line":67,"column":55},"end":{"line":67,"column":69}},"8":{"start":{"line":84,"column":0},"end":{"line":84,"column":29}}},"fnMap":{"0":{"name":"(anonymous_0)","decl":{"start":{"line":10,"column":52},"end":{"line":10,"column":53}},"loc":{"start":{"line":10,"column":78},"end":{"line":82,"column":1}}},"1":{"name":"(anonymous_1)","decl":{"start":{"line":41,"column":36},"end":{"line":41,"column":40}},"loc":{"start":{"line":42,"column":28},"end":{"line":42,"column":46}}},"2":{"name":"(anonymous_2)","decl":{"start":{"line":60,"column":63},"end":{"line":60,"column":64}},"loc":{"start":{"line":60,"column":68},"end":{"line":60,"column":77}}},"3":{"name":"(anonymous_3)","decl":{"start":{"line":61,"column":118},"end":{"line":61,"column":119}},"loc":{"start":{"line":61,"column":123},"end":{"line":61,"column":132}}},"4":{"name":"(anonymous_4)","decl":{"start":{"line":67,"column":49},"end":{"line":67,"column":52}},"loc":{"start":{"line":67,"column":55},"end":{"line":67,"column":69}}}},"branchMap":{"0":{"loc":{"start":{"line":36,"column":21},"end":{"line":74,"column":null}},"type":"cond-expr","locations":[{"start":{"line":37,"column":24},"end":{"line":38,"column":null}},{"start":{"line":41,"column":24},"end":{"line":74,"column":26}}]},"1":{"loc":{"start":{"line":49,"column":40},"end":{"line":52,"column":null}},"type":"cond-expr","locations":[{"start":{"line":49,"column":71},"end":{"line":49,"column":97}},{"start":{"line":50,"column":40},"end":{"line":52,"column":null}}]},"2":{"loc":{"start":{"line":50,"column":40},"end":{"line":52,"column":null}},"type":"cond-expr","locations":[{"start":{"line":50,"column":71},"end":{"line":50,"column":97}},{"start":{"line":51,"column":40},"end":{"line":52,"column":null}}]},"3":{"loc":{"start":{"line":51,"column":40},"end":{"line":52,"column":null}},"type":"cond-expr","locations":[{"start":{"line":51,"column":71},"end":{"line":51,"column":97}},{"start":{"line":52,"column":40},"end":{"line":52,"column":null}}]},"4":{"loc":{"start":{"line":60,"column":37},"end":{"line":62,"column":88}},"type":"cond-expr","locations":[{"start":{"line":61,"column":40},"end":{"line":61,"column":158}},{"start":{"line":62,"column":40},"end":{"line":62,"column":88}}]}},"s":{"0":2,"1":2,"2":2,"3":12,"4":22,"5":33,"6":22,"7":1,"8":2},"f":{"0":12,"1":22,"2":33,"3":22,"4":1},"b":{"0":[1,11],"1":[11,11],"2":[11,0],"3":[0,0],"4":[11,11]}}
,"/Users/helaynedamasio/Documents/IMERSAO LENDARIA IA/EssentIA EVO Assistent/src/screens/ScriptScreen.tsx": {"path":"/Users/helaynedamasio/Documents/IMERSAO LENDARIA IA/EssentIA EVO Assistent/src/screens/ScriptScreen.tsx","statementMap":{"0":{"start":{"line":1,"column":0},"end":{"line":1,"column":26}},"1":{"start":{"line":2,"column":0},"end":{"line":2,"column":49}},"2":{"start":{"line":9,"column":78},"end":{"line":13,"column":null}},"3":{"start":{"line":10,"column":4},"end":{"line":12,"column":null}},"4":{"start":{"line":16,"column":88},"end":{"line":25,"column":null}},"5":{"start":{"line":17,"column":4},"end":{"line":24,"column":null}},"6":{"start":{"line":28,"column":50},"end":{"line":86,"column":1}},"7":{"start":{"line":29,"column":2},"end":{"line":38,"column":3}},"8":{"start":{"line":30,"column":5},"end":{"line":37,"column":6}},"9":{"start":{"line":33,"column":31},"end":{"line":33,"column":56}},"10":{"start":{"line":40,"column":24},"end":{"line":40,"column":45}},"11":{"start":{"line":42,"column":2},"end":{"line":85,"column":4}},"12":{"start":{"line":56,"column":12},"end":{"line":56,"column":43}},"13":{"start":{"line":59,"column":12},"end":{"line":59,"column":43}},"14":{"start":{"line":65,"column":12},"end":{"line":65,"column":41}},"15":{"start":{"line":68,"column":12},"end":{"line":68,"column":41}},"16":{"start":{"line":88,"column":0},"end":{"line":88,"column":28}}},"fnMap":{"0":{"name":"(anonymous_0)","decl":{"start":{"line":9,"column":78},"end":{"line":9,"column":79}},"loc":{"start":{"line":10,"column":4},"end":{"line":12,"column":null}}},"1":{"name":"(anonymous_1)","decl":{"start":{"line":16,"column":88},"end":{"line":16,"column":89}},"loc":{"start":{"line":17,"column":4},"end":{"line":24,"column":null}}},"2":{"name":"(anonymous_2)","decl":{"start":{"line":28,"column":50},"end":{"line":28,"column":51}},"loc":{"start":{"line":28,"column":75},"end":{"line":86,"column":1}}},"3":{"name":"(anonymous_3)","decl":{"start":{"line":33,"column":25},"end":{"line":33,"column":28}},"loc":{"start":{"line":33,"column":31},"end":{"line":33,"column":56}}},"4":{"name":"(anonymous_4)","decl":{"start":{"line":55,"column":32},"end":{"line":55,"column":33}},"loc":{"start":{"line":56,"column":12},"end":{"line":56,"column":43}}},"5":{"name":"(anonymous_5)","decl":{"start":{"line":58,"column":32},"end":{"line":58,"column":33}},"loc":{"start":{"line":59,"column":12},"end":{"line":59,"column":43}}},"6":{"name":"(anonymous_6)","decl":{"start":{"line":64,"column":36},"end":{"line":64,"column":37}},"loc":{"start":{"line":65,"column":12},"end":{"line":65,"column":41}}},"7":{"name":"(anonymous_7)","decl":{"start":{"line":67,"column":36},"end":{"line":67,"column":37}},"loc":{"start":{"line":68,"column":12},"end":{"line":68,"column":41}}}},"branchMap":{"0":{"loc":{"start":{"line":29,"column":2},"end":{"line":38,"column":3}},"type":"if","locations":[{"start":{"line":29,"column":2},"end":{"line":38,"column":3}},{"start":{},"end":{}}]}},"s":{"0":2,"1":2,"2":2,"3":24,"4":2,"5":48,"6":2,"7":10,"8":2,"9":1,"10":8,"11":8,"12":8,"13":8,"14":8,"15":8,"16":2},"f":{"0":24,"1":48,"2":10,"3":1,"4":8,"5":8,"6":8,"7":8},"b":{"0":[2,8]}}
,"/Users/helaynedamasio/Documents/IMERSAO LENDARIA IA/EssentIA EVO Assistent/src/screens/SlidesScreen.tsx": {"path":"/Users/helaynedamasio/Documents/IMERSAO LENDARIA IA/EssentIA EVO Assistent/src/screens/SlidesScreen.tsx","statementMap":{"0":{"start":{"line":1,"column":0},"end":{"line":1,"column":26}},"1":{"start":{"line":2,"column":0},"end":{"line":2,"column":63}},"2":{"start":{"line":3,"column":0},"end":{"line":3,"column":50}},"3":{"start":{"line":4,"column":0},"end":{"line":4,"column":129}},"4":{"start":{"line":11,"column":72},"end":{"line":24,"column":null}},"5":{"start":{"line":12,"column":4},"end":{"line":23,"column":null}},"6":{"start":{"line":27,"column":50},"end":{"line":76,"column":1}},"7":{"start":{"line":28,"column":2},"end":{"line":37,"column":3}},"8":{"start":{"line":29,"column":4},"end":{"line":36,"column":6}},"9":{"start":{"line":32,"column":31},"end":{"line":32,"column":56}},"10":{"start":{"line":39,"column":17},"end":{"line":39,"column":75}},"11":{"start":{"line":40,"column":18},"end":{"line":40,"column":110}},"12":{"start":{"line":40,"column":74},"end":{"line":40,"column":108}},"13":{"start":{"line":41,"column":20},"end":{"line":41,"column":60}},"14":{"start":{"line":43,"column":33},"end":{"line":54,"column":4}},"15":{"start":{"line":56,"column":2},"end":{"line":75,"column":4}},"16":{"start":{"line":71,"column":14},"end":{"line":71,"column":40}},"17":{"start":{"line":78,"column":0},"end":{"line":78,"column":28}}},"fnMap":{"0":{"name":"(anonymous_0)","decl":{"start":{"line":11,"column":72},"end":{"line":11,"column":73}},"loc":{"start":{"line":12,"column":4},"end":{"line":23,"column":null}}},"1":{"name":"(anonymous_1)","decl":{"start":{"line":27,"column":50},"end":{"line":27,"column":51}},"loc":{"start":{"line":27,"column":75},"end":{"line":76,"column":1}}},"2":{"name":"(anonymous_2)","decl":{"start":{"line":32,"column":25},"end":{"line":32,"column":28}},"loc":{"start":{"line":32,"column":31},"end":{"line":32,"column":56}}},"3":{"name":"(anonymous_3)","decl":{"start":{"line":40,"column":55},"end":{"line":40,"column":56}},"loc":{"start":{"line":40,"column":74},"end":{"line":40,"column":108}}},"4":{"name":"(anonymous_4)","decl":{"start":{"line":70,"column":22},"end":{"line":70,"column":23}},"loc":{"start":{"line":71,"column":14},"end":{"line":71,"column":40}}}},"branchMap":{"0":{"loc":{"start":{"line":15,"column":13},"end":{"line":18,"column":null}},"type":"cond-expr","locations":[{"start":{"line":16,"column":16},"end":{"line":16,"column":104}},{"start":{"line":18,"column":16},"end":{"line":18,"column":71}}]},"1":{"loc":{"start":{"line":28,"column":2},"end":{"line":37,"column":3}},"type":"if","locations":[{"start":{"line":28,"column":2},"end":{"line":37,"column":3}},{"start":{},"end":{}}]}},"s":{"0":2,"1":2,"2":2,"3":2,"4":2,"5":90,"6":2,"7":11,"8":2,"9":1,"10":9,"11":9,"12":36,"13":9,"14":9,"15":9,"16":90,"17":2},"f":{"0":90,"1":11,"2":1,"3":36,"4":90},"b":{"0":[72,18],"1":[2,9]}}
,"/Users/helaynedamasio/Documents/IMERSAO LENDARIA IA/EssentIA EVO Assistent/src/screens/UploadScreen.tsx": {"path":"/Users/helaynedamasio/Documents/IMERSAO LENDARIA IA/EssentIA EVO Assistent/src/screens/UploadScreen.tsx","statementMap":{"0":{"start":{"line":1,"column":0},"end":{"line":1,"column":40}},"1":{"start":{"line":2,"column":0},"end":{"line":2,"column":49}},"2":{"start":{"line":10,"column":50},"end":{"line":100,"column":1}},"3":{"start":{"line":11,"column":40},"end":{"line":11,"column":52}},"4":{"start":{"line":12,"column":28},"end":{"line":17,"column":4}},"5":{"start":{"line":19,"column":27},"end":{"line":21,"column":3}},"6":{"start":{"line":20,"column":4},"end":{"line":20,"column":62}},"7":{"start":{"line":20,"column":29},"end":{"line":20,"column":59}},"8":{"start":{"line":25,"column":25},"end":{"line":25,"column":50}},"9":{"start":{"line":27,"column":23},"end":{"line":32,"column":3}},"10":{"start":{"line":28,"column":4},"end":{"line":28,"column":23}},"11":{"start":{"line":29,"column":4},"end":{"line":31,"column":5}},"12":{"start":{"line":30,"column":6},"end":{"line":30,"column":35}},"13":{"start":{"line":34,"column":2},"end":{"line":99,"column":4}},"14":{"start":{"line":54,"column":29},"end":{"line":54,"column":59}},"15":{"start":{"line":63,"column":69},"end":{"line":63,"column":99}},"16":{"start":{"line":64,"column":74},"end":{"line":64,"column":107}},"17":{"start":{"line":65,"column":70},"end":{"line":65,"column":105}},"18":{"start":{"line":66,"column":79},"end":{"line":66,"column":114}},"19":{"start":{"line":102,"column":0},"end":{"line":102,"column":28}}},"fnMap":{"0":{"name":"(anonymous_0)","decl":{"start":{"line":10,"column":50},"end":{"line":10,"column":51}},"loc":{"start":{"line":10,"column":85},"end":{"line":100,"column":1}}},"1":{"name":"(anonymous_1)","decl":{"start":{"line":19,"column":27},"end":{"line":19,"column":28}},"loc":{"start":{"line":19,"column":74},"end":{"line":21,"column":3}}},"2":{"name":"(anonymous_2)","decl":{"start":{"line":20,"column":13},"end":{"line":20,"column":14}},"loc":{"start":{"line":20,"column":29},"end":{"line":20,"column":59}}},"3":{"name":"(anonymous_3)","decl":{"start":{"line":27,"column":23},"end":{"line":27,"column":24}},"loc":{"start":{"line":27,"column":46},"end":{"line":32,"column":3}}},"4":{"name":"(anonymous_4)","decl":{"start":{"line":54,"column":22},"end":{"line":54,"column":23}},"loc":{"start":{"line":54,"column":29},"end":{"line":54,"column":59}}},"5":{"name":"(anonymous_5)","decl":{"start":{"line":63,"column":59},"end":{"line":63,"column":60}},"loc":{"start":{"line":63,"column":69},"end":{"line":63,"column":99}}},"6":{"name":"(anonymous_6)","decl":{"start":{"line":64,"column":64},"end":{"line":64,"column":65}},"loc":{"start":{"line":64,"column":74},"end":{"line":64,"column":107}}},"7":{"name":"(anonymous_7)","decl":{"start":{"line":65,"column":60},"end":{"line":65,"column":61}},"loc":{"start":{"line":65,"column":70},"end":{"line":65,"column":105}}},"8":{"name":"(anonymous_8)","decl":{"start":{"line":66,"column":69},"end":{"line":66,"column":70}},"loc":{"start":{"line":66,"column":79},"end":{"line":66,"column":114}}}},"branchMap":{"0":{"loc":{"start":{"line":29,"column":4},"end":{"line":31,"column":5}},"type":"if","locations":[{"start":{"line":29,"column":4},"end":{"line":31,"column":5}},{"start":{},"end":{}}]},"1":{"loc":{"start":{"line":29,"column":8},"end":{"line":29,"column":36}},"type":"binary-expr","locations":[{"start":{"line":29,"column":8},"end":{"line":29,"column":22}},{"start":{"line":29,"column":26},"end":{"line":29,"column":36}}]},"2":{"loc":{"start":{"line":72,"column":22},"end":{"line":72,"column":50}},"type":"binary-expr","locations":[{"start":{"line":72,"column":22},"end":{"line":72,"column":37}},{"start":{"line":72,"column":41},"end":{"line":72,"column":50}}]},"3":{"loc":{"start":{"line":74,"column":24},"end":{"line":74,"column":91}},"type":"cond-expr","locations":[{"start":{"line":74,"column":36},"end":{"line":74,"column":57}},{"start":{"line":74,"column":60},"end":{"line":74,"column":91}}]},"4":{"loc":{"start":{"line":77,"column":13},"end":{"line":93,"column":null}},"type":"cond-expr","locations":[{"start":{"line":78,"column":14},"end":{"line":89,"column":null}},{"start":{"line":93,"column":14},"end":{"line":93,"column":31}}]}},"s":{"0":1,"1":1,"2":1,"3":5,"4":5,"5":5,"6":0,"7":0,"8":5,"9":5,"10":0,"11":0,"12":0,"13":5,"14":0,"15":0,"16":0,"17":0,"18":0,"19":1},"f":{"0":5,"1":0,"2":0,"3":0,"4":0,"5":0,"6":0,"7":0,"8":0},"b":{"0":[0,0],"1":[0,0],"2":[5,0],"3":[0,5],"4":[0,5]}}
,"/Users/helaynedamasio/Documents/IMERSAO LENDARIA IA/EssentIA EVO Assistent/src/services/geminiService.ts": {"path":"/Users/helaynedamasio/Documents/IMERSAO LENDARIA IA/EssentIA EVO Assistent/src/services/geminiService.ts","statementMap":{"0":{"start":{"line":7,"column":34},"end":{"line":81,"column":1}},"1":{"start":{"line":9,"column":2},"end":{"line":11,"column":3}},"2":{"start":{"line":10,"column":4},"end":{"line":10,"column":61}},"3":{"start":{"line":13,"column":2},"end":{"line":80,"column":5}},"4":{"start":{"line":14,"column":4},"end":{"line":79,"column":13}},"5":{"start":{"line":15,"column":6},"end":{"line":78,"column":7}},"6":{"start":{"line":16,"column":37},"end":{"line":72,"column":8}},"7":{"start":{"line":73,"column":8},"end":{"line":73,"column":22}},"8":{"start":{"line":75,"column":24},"end":{"line":75,"column":96}},"9":{"start":{"line":76,"column":8},"end":{"line":76,"column":58}},"10":{"start":{"line":77,"column":8},"end":{"line":77,"column":35}},"11":{"start":{"line":7,"column":13},"end":{"line":7,"column":34}}},"fnMap":{"0":{"name":"(anonymous_0)","decl":{"start":{"line":7,"column":34},"end":{"line":7,"column":35}},"loc":{"start":{"line":7,"column":83},"end":{"line":81,"column":1}}},"1":{"name":"(anonymous_1)","decl":{"start":{"line":13,"column":21},"end":{"line":13,"column":22}},"loc":{"start":{"line":13,"column":41},"end":{"line":80,"column":3}}},"2":{"name":"(anonymous_2)","decl":{"start":{"line":14,"column":15},"end":{"line":14,"column":18}},"loc":{"start":{"line":14,"column":20},"end":{"line":79,"column":5}}}},"branchMap":{"0":{"loc":{"start":{"line":9,"column":2},"end":{"line":11,"column":3}},"type":"if","locations":[{"start":{"line":9,"column":2},"end":{"line":11,"column":3}},{"start":{},"end":{}}]},"1":{"loc":{"start":{"line":9,"column":6},"end":{"line":9,"column":53}},"type":"binary-expr","locations":[{"start":{"line":9,"column":6},"end":{"line":9,"column":18}},{"start":{"line":9,"column":22},"end":{"line":9,"column":53}}]},"2":{"loc":{"start":{"line":75,"column":24},"end":{"line":75,"column":96}},"type":"cond-expr","locations":[{"start":{"line":75,"column":49},"end":{"line":75,"column":62}},{"start":{"line":75,"column":65},"end":{"line":75,"column":96}}]}},"s":{"0":2,"1":5,"2":2,"3":3,"4":3,"5":3,"6":3,"7":3,"8":0,"9":0,"10":0,"11":2},"f":{"0":5,"1":3,"2":3},"b":{"0":[2,3],"1":[5,3],"2":[0,0]}}
}
