TN:
SF:src/App.tsx
FN:12,(anonymous_0)
FN:15,(anonymous_1)
FN:27,(anonymous_2)
FN:29,(anonymous_3)
FN:36,(anonymous_4)
FN:58,(anonymous_5)
FN:63,(anonymous_6)
FNF:7
FNH:3
FNDA:5,(anonymous_0)
FNDA:5,(anonymous_1)
FNDA:0,(anonymous_2)
FNDA:0,(anonymous_3)
FNDA:0,(anonymous_4)
FNDA:0,(anonymous_5)
FNDA:5,(anonymous_6)
DA:1,1
DA:2,1
DA:3,1
DA:4,1
DA:5,1
DA:6,1
DA:7,1
DA:8,1
DA:9,1
DA:10,1
DA:12,1
DA:13,5
DA:14,5
DA:15,5
DA:16,5
DA:17,5
DA:18,5
DA:20,1
DA:21,1
DA:24,5
DA:25,5
DA:27,5
DA:28,0
DA:29,0
DA:30,0
DA:31,0
DA:32,0
DA:33,0
DA:36,5
DA:38,0
DA:39,0
DA:40,0
DA:43,0
DA:44,0
DA:46,0
DA:48,0
DA:49,0
DA:51,0
DA:52,0
DA:53,0
DA:54,0
DA:58,5
DA:59,0
DA:60,0
DA:63,5
DA:65,5
DA:66,0
DA:82,5
DA:84,5
DA:86,0
DA:88,0
DA:90,0
DA:92,0
DA:94,0
DA:96,0
DA:100,5
DA:110,1
LF:57
LH:30
BRDA:18,0,0,1
BRDA:18,0,1,4
BRDA:38,1,0,0
BRDA:38,1,1,0
BRDA:51,2,0,0
BRDA:51,2,1,0
BRDA:65,3,0,0
BRDA:65,3,1,5
BRDA:65,4,0,5
BRDA:65,4,1,0
BRDA:82,5,0,5
BRDA:82,5,1,0
BRDA:82,5,2,0
BRDA:82,5,3,0
BRDA:82,5,4,0
BRDA:82,5,5,0
BRDA:82,5,6,0
BRF:17
BRH:5
end_of_record
TN:
SF:src/types.ts
FN:1,(anonymous_0)
FNF:1
FNH:1
FNDA:5,(anonymous_0)
DA:1,5
DA:2,5
DA:3,5
DA:4,5
DA:5,5
DA:6,5
DA:7,5
LF:7
LH:7
BRDA:1,0,0,5
BRDA:1,0,1,5
BRF:2
BRH:2
end_of_record
TN:
SF:src/components/FileUpload.tsx
FN:9,(anonymous_0)
FN:13,(anonymous_1)
FN:24,(anonymous_2)
FN:30,(anonymous_3)
FN:36,(anonymous_4)
FN:41,(anonymous_5)
FN:50,(anonymous_6)
FN:56,(anonymous_7)
FN:93,(anonymous_8)
FNF:9
FNH:1
FNDA:20,(anonymous_0)
FNDA:0,(anonymous_1)
FNDA:0,(anonymous_2)
FNDA:0,(anonymous_3)
FNDA:0,(anonymous_4)
FNDA:0,(anonymous_5)
FNDA:0,(anonymous_6)
FNDA:0,(anonymous_7)
FNDA:0,(anonymous_8)
DA:1,1
DA:2,1
DA:9,1
DA:10,20
DA:11,20
DA:13,20
DA:14,0
DA:15,0
DA:16,0
DA:18,0
DA:19,0
DA:24,20
DA:25,0
DA:26,0
DA:27,0
DA:30,20
DA:31,0
DA:32,0
DA:33,0
DA:36,20
DA:37,0
DA:38,0
DA:41,20
DA:42,0
DA:43,0
DA:44,0
DA:45,0
DA:46,0
DA:50,20
DA:51,0
DA:52,0
DA:56,20
DA:57,0
DA:58,0
DA:59,0
DA:60,0
DA:64,20
DA:93,0
DA:120,1
LF:39
LH:14
BRDA:14,0,0,0
BRDA:14,0,1,0
BRDA:14,1,0,0
BRDA:14,1,1,0
BRDA:45,2,0,0
BRDA:45,2,1,0
BRDA:45,3,0,0
BRDA:45,3,1,0
BRDA:51,4,0,0
BRDA:51,4,1,0
BRDA:51,5,0,0
BRDA:51,5,1,0
BRDA:57,6,0,0
BRDA:57,6,1,0
BRDA:57,7,0,0
BRDA:57,7,1,0
BRDA:75,8,0,0
BRDA:75,8,1,20
BRDA:77,9,0,0
BRDA:77,9,1,20
BRDA:88,10,0,0
BRDA:88,10,1,20
BRF:22
BRH:3
end_of_record
TN:
SF:src/components/Sidebar.tsx
FN:10,(anonymous_0)
FN:28,(anonymous_1)
FN:31,(anonymous_2)
FNF:3
FNH:2
FNDA:5,(anonymous_0)
FNDA:30,(anonymous_1)
FNDA:0,(anonymous_2)
DA:1,1
DA:2,1
DA:3,1
DA:10,1
DA:11,5
DA:20,5
DA:29,30
DA:31,0
DA:55,1
LF:9
LH:8
BRDA:33,0,0,5
BRDA:33,0,1,25
BRDA:36,1,0,5
BRDA:36,1,1,25
BRF:4
BRH:4
end_of_record
TN:
SF:src/components/icons.tsx
FN:3,(anonymous_0)
FN:18,(anonymous_1)
FN:19,(anonymous_2)
FN:20,(anonymous_3)
FN:21,(anonymous_4)
FN:22,(anonymous_5)
FN:23,(anonymous_6)
FN:24,(anonymous_7)
FN:25,(anonymous_8)
FN:26,(anonymous_9)
FN:27,(anonymous_10)
FN:28,(anonymous_11)
FN:29,(anonymous_12)
FN:30,(anonymous_13)
FN:31,(anonymous_14)
FNF:15
FNH:11
FNDA:88,(anonymous_0)
FNDA:5,(anonymous_1)
FNDA:5,(anonymous_2)
FNDA:5,(anonymous_3)
FNDA:5,(anonymous_4)
FNDA:5,(anonymous_5)
FNDA:5,(anonymous_6)
FNDA:0,(anonymous_7)
FNDA:20,(anonymous_8)
FNDA:0,(anonymous_9)
FNDA:0,(anonymous_10)
FNDA:7,(anonymous_11)
FNDA:9,(anonymous_12)
FNDA:0,(anonymous_13)
FNDA:22,(anonymous_14)
DA:1,4
DA:3,4
DA:4,88
DA:18,5
DA:19,5
DA:20,5
DA:21,5
DA:22,5
DA:23,5
DA:24,4
DA:25,20
DA:26,4
DA:27,4
DA:28,7
DA:29,9
DA:30,4
DA:31,22
LF:17
LH:17
BRF:0
BRH:0
end_of_record
TN:
SF:src/screens/AnalysisScreen.tsx
FN:13,(anonymous_0)
FN:20,(anonymous_1)
FN:45,(anonymous_2)
FN:56,(anonymous_3)
FN:79,(anonymous_4)
FN:110,(anonymous_5)
FN:110,(anonymous_6)
FN:116,(anonymous_7)
FN:116,(anonymous_8)
FNF:9
FNH:9
FNDA:10,(anonymous_0)
FNDA:1,(anonymous_1)
FNDA:1,(anonymous_2)
FNDA:21,(anonymous_3)
FNDA:28,(anonymous_4)
FNDA:21,(anonymous_5)
FNDA:14,(anonymous_6)
FNDA:21,(anonymous_7)
FNDA:7,(anonymous_8)
DA:1,2
DA:2,2
DA:3,2
DA:4,2
DA:11,2
DA:13,2
DA:14,10
DA:15,3
DA:20,1
DA:29,7
DA:35,7
DA:37,7
DA:45,1
DA:57,21
DA:80,28
DA:110,21
DA:116,21
DA:125,2
LF:18
LH:18
BRDA:14,0,0,3
BRDA:14,0,1,7
BRDA:57,1,0,7
BRDA:57,1,1,14
BRDA:59,2,0,21
BRDA:59,2,1,7
BRF:6
BRH:6
end_of_record
TN:
SF:src/screens/EditorScreen.tsx
FN:9,(anonymous_0)
FN:18,(anonymous_1)
FN:23,(anonymous_2)
FN:40,(anonymous_3)
FN:44,(anonymous_4)
FN:67,(anonymous_5)
FN:73,(anonymous_6)
FNF:7
FNH:4
FNDA:64,(anonymous_0)
FNDA:10,(anonymous_1)
FNDA:1,(anonymous_2)
FNDA:0,(anonymous_3)
FNDA:1,(anonymous_4)
FNDA:0,(anonymous_5)
FNDA:0,(anonymous_6)
DA:1,2
DA:2,2
DA:9,2
DA:10,64
DA:18,2
DA:19,10
DA:20,2
DA:23,1
DA:30,8
DA:32,8
DA:44,1
DA:68,0
DA:74,0
DA:105,2
LF:14
LH:12
BRDA:19,0,0,2
BRDA:19,0,1,8
BRF:2
BRH:2
end_of_record
TN:
SF:src/screens/HistoryScreen.tsx
FN:10,(anonymous_0)
FN:41,(anonymous_1)
FN:60,(anonymous_2)
FN:61,(anonymous_3)
FN:67,(anonymous_4)
FNF:5
FNH:5
FNDA:12,(anonymous_0)
FNDA:22,(anonymous_1)
FNDA:33,(anonymous_2)
FNDA:22,(anonymous_3)
FNDA:1,(anonymous_4)
DA:1,2
DA:3,2
DA:10,2
DA:11,12
DA:42,22
DA:60,33
DA:61,22
DA:67,1
DA:84,2
LF:9
LH:9
BRDA:36,0,0,1
BRDA:36,0,1,11
BRDA:49,1,0,11
BRDA:49,1,1,11
BRDA:50,2,0,11
BRDA:50,2,1,0
BRDA:51,3,0,0
BRDA:51,3,1,0
BRDA:60,4,0,11
BRDA:60,4,1,11
BRF:10
BRH:7
end_of_record
TN:
SF:src/screens/ScriptScreen.tsx
FN:9,(anonymous_0)
FN:16,(anonymous_1)
FN:28,(anonymous_2)
FN:33,(anonymous_3)
FN:55,(anonymous_4)
FN:58,(anonymous_5)
FN:64,(anonymous_6)
FN:67,(anonymous_7)
FNF:8
FNH:8
FNDA:24,(anonymous_0)
FNDA:48,(anonymous_1)
FNDA:10,(anonymous_2)
FNDA:1,(anonymous_3)
FNDA:8,(anonymous_4)
FNDA:8,(anonymous_5)
FNDA:8,(anonymous_6)
FNDA:8,(anonymous_7)
DA:1,2
DA:2,2
DA:9,2
DA:10,24
DA:16,2
DA:17,48
DA:28,2
DA:29,10
DA:30,2
DA:33,1
DA:40,8
DA:42,8
DA:56,8
DA:59,8
DA:65,8
DA:68,8
DA:88,2
LF:17
LH:17
BRDA:29,0,0,2
BRDA:29,0,1,8
BRF:2
BRH:2
end_of_record
TN:
SF:src/screens/SlidesScreen.tsx
FN:11,(anonymous_0)
FN:27,(anonymous_1)
FN:32,(anonymous_2)
FN:40,(anonymous_3)
FN:70,(anonymous_4)
FNF:5
FNH:5
FNDA:90,(anonymous_0)
FNDA:11,(anonymous_1)
FNDA:1,(anonymous_2)
FNDA:36,(anonymous_3)
FNDA:90,(anonymous_4)
DA:1,2
DA:2,2
DA:3,2
DA:4,2
DA:11,2
DA:12,90
DA:27,2
DA:28,11
DA:29,2
DA:32,1
DA:39,9
DA:40,36
DA:41,9
DA:43,9
DA:56,9
DA:71,90
DA:78,2
LF:17
LH:17
BRDA:15,0,0,72
BRDA:15,0,1,18
BRDA:28,1,0,2
BRDA:28,1,1,9
BRF:4
BRH:4
end_of_record
TN:
SF:src/screens/UploadScreen.tsx
FN:10,(anonymous_0)
FN:19,(anonymous_1)
FN:20,(anonymous_2)
FN:27,(anonymous_3)
FN:54,(anonymous_4)
FN:63,(anonymous_5)
FN:64,(anonymous_6)
FN:65,(anonymous_7)
FN:66,(anonymous_8)
FNF:9
FNH:1
FNDA:5,(anonymous_0)
FNDA:0,(anonymous_1)
FNDA:0,(anonymous_2)
FNDA:0,(anonymous_3)
FNDA:0,(anonymous_4)
FNDA:0,(anonymous_5)
FNDA:0,(anonymous_6)
FNDA:0,(anonymous_7)
FNDA:0,(anonymous_8)
DA:1,1
DA:2,1
DA:10,1
DA:11,5
DA:12,5
DA:19,5
DA:20,0
DA:25,5
DA:27,5
DA:28,0
DA:29,0
DA:30,0
DA:34,5
DA:54,0
DA:63,0
DA:64,0
DA:65,0
DA:66,0
DA:102,1
LF:19
LH:10
BRDA:29,0,0,0
BRDA:29,0,1,0
BRDA:29,1,0,0
BRDA:29,1,1,0
BRDA:72,2,0,5
BRDA:72,2,1,0
BRDA:74,3,0,0
BRDA:74,3,1,5
BRDA:77,4,0,0
BRDA:77,4,1,5
BRF:10
BRH:3
end_of_record
TN:
SF:src/services/geminiService.ts
FN:7,(anonymous_0)
FN:13,(anonymous_1)
FN:14,(anonymous_2)
FNF:3
FNH:3
FNDA:5,(anonymous_0)
FNDA:3,(anonymous_1)
FNDA:3,(anonymous_2)
DA:7,2
DA:9,5
DA:10,2
DA:13,3
DA:14,3
DA:15,3
DA:16,3
DA:73,3
DA:75,0
DA:76,0
DA:77,0
LF:11
LH:8
BRDA:9,0,0,2
BRDA:9,0,1,3
BRDA:9,1,0,5
BRDA:9,1,1,3
BRDA:75,2,0,0
BRDA:75,2,1,0
BRF:6
BRH:4
end_of_record
